<?xml version="1.0" encoding="UTF-8"?>
<!-- Generated by org.testng.reporters.JUnitReportReporter -->
<testsuite hostname="DESKTOP-M0UH53U" failures="0" tests="1" name="com.itew.testcases.FixedDeposit_Test" time="32.254" errors="0" timestamp="2023-07-09T11:35:38 IST" skipped="0">
  <testcase classname="com.itew.testcases.FixedDeposit_Test" name="fixedDepositTest" time="32.254"/>
  <system-out/>
</testsuite> <!-- com.itew.testcases.FixedDeposit_Test -->
