<?xml version="1.0" encoding="UTF-8"?>
<!-- Generated by org.testng.reporters.JUnitReportReporter -->
<testsuite hostname="DESKTOP-M0UH53U" failures="0" tests="1" name="com.itview.webobject.Code_For_WindowSize_5" time="4.671" errors="0" timestamp="2023-07-01T12:32:03 IST" skipped="0">
  <testcase classname="com.itview.webobject.Code_For_WindowSize_5" name="Code_For_WindowSize" time="4.671"/>
  <system-out/>
</testsuite> <!-- com.itview.webobject.Code_For_WindowSize_5 -->
