<?xml version="1.0" encoding="UTF-8"?>
<!-- Generated by org.testng.reporters.JUnitReportReporter -->
<testsuite hostname="DESKTOP-M0UH53U" failures="0" tests="1" name="com.itview.webobject.Code_For_KeyboardHandle_6" time="21.430" errors="0" timestamp="2023-07-02T10:24:59 IST" skipped="0">
  <testcase classname="com.itview.webobject.Code_For_KeyboardHandle_6" name="Code_For_KeyboardHandle_Test" time="21.430"/>
  <system-out/>
</testsuite> <!-- com.itview.webobject.Code_For_KeyboardHandle_6 -->
