<?xml version="1.0" encoding="UTF-8"?>
<!-- Generated by org.testng.reporters.JUnitReportReporter -->
<testsuite hostname="DESKTOP-M0UH53U" failures="0" tests="3" name="com.itew.testcases.DataDriven_TestNG" time="19.550" errors="0" timestamp="2023-07-16T11:01:15 IST" skipped="0">
  <testcase classname="com.itew.testcases.DataDriven_TestNG" name="calculatorTest" time="6.409"/>
  <system-out/>
  <testcase classname="com.itew.testcases.DataDriven_TestNG" name="calculatorTest" time="6.583"/>
  <system-out/>
  <testcase classname="com.itew.testcases.DataDriven_TestNG" name="calculatorTest" time="6.558"/>
  <system-out/>
</testsuite> <!-- com.itew.testcases.DataDriven_TestNG -->
