<?xml version="1.0" encoding="UTF-8"?>
<!-- Generated by org.testng.reporters.JUnitReportReporter -->
<testsuite hostname="DESKTOP-M0UH53U" failures="0" tests="3" name="com.itview.testng.CrossBrowserTest" time="103.415" errors="0" timestamp="2023-06-25T11:19:36 IST" skipped="0">
  <testcase classname="com.itview.testng.CrossBrowserTest" name="chromeTest" time="19.165"/>
  <system-out/>
  <testcase classname="com.itview.testng.CrossBrowserTest" name="firefoxTest" time="66.392"/>
  <system-out/>
  <testcase classname="com.itview.testng.CrossBrowserTest" name="edgeTest" time="17.858"/>
  <system-out/>
</testsuite> <!-- com.itview.testng.CrossBrowserTest -->
