<?xml version="1.0" encoding="UTF-8"?>
<!-- Generated by org.testng.reporters.JUnitReportReporter -->
<testsuite hostname="DESKTOP-M0UH53U" failures="0" tests="1" name="com.itview.webobject.Code_For_JavaScriptExecutor_9" time="31.199" errors="0" timestamp="2023-07-02T11:36:55 IST" skipped="0">
  <testcase classname="com.itview.webobject.Code_For_JavaScriptExecutor_9" name="Code_For_JavaScriptExecutor_Test" time="31.199"/>
  <system-out/>
</testsuite> <!-- com.itview.webobject.Code_For_JavaScriptExecutor_9 -->
