<?xml version="1.0" encoding="UTF-8"?>
<!-- Generated by org.testng.reporters.JUnitReportReporter -->
<testsuite hostname="DESKTOP-M0UH53U" failures="0" tests="2" name="com.itview.webobject.Code_For_WindowTab_8" time="14.572" errors="0" timestamp="2023-07-02T11:14:15 IST" skipped="0">
  <testcase classname="com.itview.webobject.Code_For_WindowTab_8" name="Tab" time="0.006"/>
  <system-out/>
  <testcase classname="com.itview.webobject.Code_For_WindowTab_8" name="tabFlipkart" time="14.566"/>
  <system-out/>
</testsuite> <!-- com.itview.webobject.Code_For_WindowTab_8 -->
