<?xml version="1.0" encoding="UTF-8"?>
<!-- Generated by org.testng.reporters.JUnitReportReporter -->
<testsuite hostname="DESKTOP-M0UH53U" failures="0" tests="1" name="com.itview.testng.HositalMRS_Login" time="13.765" errors="0" timestamp="2023-07-08T20:11:32 IST" skipped="0">
  <testcase classname="com.itview.testng.HositalMRS_Login" name="loginTestMRS" time="13.765"/>
  <system-out>
    <![CDATA[Passed]]>
  </system-out>
</testsuite> <!-- com.itview.testng.HositalMRS_Login -->
