<?xml version="1.0" encoding="UTF-8"?>
<!-- Generated by org.testng.reporters.JUnitReportReporter -->
<testsuite hostname="DESKTOP-M0UH53U" failures="0" tests="3" name="com.itview.testng.AllAnnotationsCode" time="0.016" errors="0" timestamp="2023-06-25T11:30:04 IST" skipped="0">
  <testcase classname="com.itview.testng.AllAnnotationsCode" name="test1" time="0.006"/>
  <system-out/>
  <testcase classname="com.itview.testng.AllAnnotationsCode" name="test2" time="0.006"/>
  <system-out/>
  <testcase classname="com.itview.testng.AllAnnotationsCode" name="test3" time="0.004"/>
  <system-out/>
</testsuite> <!-- com.itview.testng.AllAnnotationsCode -->
