<?xml version="1.0" encoding="UTF-8"?>
<!-- Generated by org.testng.reporters.JUnitReportReporter -->
<testsuite hostname="DESKTOP-M0UH53U" failures="0" tests="1" name="com.itew.testcases.CarEMI_Test" time="22.168" errors="0" timestamp="2023-07-09T10:35:42 IST" skipped="0">
  <testcase classname="com.itew.testcases.CarEMI_Test" name="carEMI_Test1" time="22.168"/>
  <system-out/>
</testsuite> <!-- com.itew.testcases.CarEMI_Test -->
