<?xml version="1.0" encoding="UTF-8"?>
<!-- Generated by org.testng.reporters.JUnitReportReporter -->
<testsuite hostname="DESKTOP-M0UH53U" failures="0" tests="4" name="com.itview.webobject.Code_CountWebElement_1" time="0.087" errors="0" timestamp="2023-07-01T11:59:10 IST" skipped="0">
  <testcase classname="com.itview.webobject.Code_CountWebElement_1" name="countlinks" time="0.033"/>
  <system-out/>
  <testcase classname="com.itview.webobject.Code_CountWebElement_1" name="countradioButton" time="0.015"/>
  <system-out/>
  <testcase classname="com.itview.webobject.Code_CountWebElement_1" name="countcheckBox" time="0.023"/>
  <system-out/>
  <testcase classname="com.itview.webobject.Code_CountWebElement_1" name="countDropDown" time="0.016"/>
  <system-out/>
</testsuite> <!-- com.itview.webobject.Code_CountWebElement_1 -->
