<?xml version="1.0" encoding="UTF-8"?>
<!-- Generated by org.testng.reporters.JUnitReportReporter -->
<testsuite hostname="DESKTOP-M0UH53U" failures="0" tests="4" name="com.itview.webobject.BasicWebObjectTest" time="2.431" errors="0" timestamp="2023-07-01T11:46:59 IST" skipped="0">
  <testcase classname="com.itview.webobject.BasicWebObjectTest" name="textboxTest" time="0.368"/>
  <system-out/>
  <testcase classname="com.itview.webobject.BasicWebObjectTest" name="textAreaTest" time="0.536"/>
  <system-out/>
  <testcase classname="com.itview.webobject.BasicWebObjectTest" name="radiobuttonCheckboxText" time="1.181"/>
  <system-out/>
  <testcase classname="com.itview.webobject.BasicWebObjectTest" name="dropDownText" time="0.346"/>
  <system-out/>
</testsuite> <!-- com.itview.webobject.BasicWebObjectTest -->
