<?xml version="1.0" encoding="UTF-8"?>
<!-- Generated by org.testng.reporters.JUnitReportReporter -->
<testsuite hostname="DESKTOP-M0UH53U" failures="0" tests="3" name="com.itview.testng.Altoromutual_Login" time="25.010" errors="0" timestamp="2023-07-08T10:43:21 IST" skipped="0">
  <testcase classname="com.itview.testng.Altoromutual_Login" name="adminLogin" time="9.491"/>
  <system-out/>
  <testcase classname="com.itview.testng.Altoromutual_Login" name="jSmithLogin" time="7.824"/>
  <system-out/>
  <testcase classname="com.itview.testng.Altoromutual_Login" name="testUserLogin" time="7.695"/>
  <system-out/>
</testsuite> <!-- com.itview.testng.Altoromutual_Login -->
