<?xml version="1.0" encoding="UTF-8"?>
<!-- Generated by org.testng.reporters.JUnitReportReporter -->
<testsuite hostname="DESKTOP-M0UH53U" failures="0" tests="2" name="com.itview.testng.SoftAssertTest" time="4.702" errors="0" timestamp="2023-06-25T11:06:10 IST" skipped="0">
  <testcase classname="com.itview.testng.SoftAssertTest" name="adminLogin" time="2.876"/>
  <system-out/>
  <testcase classname="com.itview.testng.SoftAssertTest" name="adminLogout" time="1.826"/>
  <system-out/>
</testsuite> <!-- com.itview.testng.SoftAssertTest -->
