<?xml version="1.0" encoding="UTF-8"?>
<!-- Generated by org.testng.reporters.JUnitReportReporter -->
<testsuite hostname="DESKTOP-M0UH53U" failures="0" tests="1" name="com.itview.webobject.Code_For_Alert_2" time="18.463" errors="0" timestamp="2023-07-01T12:12:29 IST" skipped="0">
  <testcase classname="com.itview.webobject.Code_For_Alert_2" name="Code_For_Alert_Test" time="18.463"/>
  <system-out/>
</testsuite> <!-- com.itview.webobject.Code_For_Alert_2 -->
