<?xml version="1.0" encoding="UTF-8"?>
<!-- Generated by org.testng.reporters.JUnitReportReporter -->
<testsuite hostname="DESKTOP-M0UH53U" failures="0" tests="3" name="com.itview.testng.Altoromutual_Login" time="25.318" errors="0" timestamp="2023-07-29T11:41:20 IST" skipped="0">
  <testcase classname="com.itview.testng.Altoromutual_Login" name="adminLogin" time="9.838"/>
  <system-out/>
  <testcase classname="com.itview.testng.Altoromutual_Login" name="jSmithLogin" time="7.700"/>
  <system-out/>
  <testcase classname="com.itview.testng.Altoromutual_Login" name="testUserLogin" time="7.780"/>
  <system-out/>
</testsuite> <!-- com.itview.testng.Altoromutual_Login -->
